Arguments: 
  /usr/local/bin/node /usr/local/Cellar/yarn/1.16.0/libexec/bin/yarn.js install --silent

PATH: 
  /Library/Frameworks/Python.framework/Versions/3.7/bin:/Library/Java/JavaVirtualMachines/jdk1.7.0_80.jdk/Contents/Home/bin:/Users/yuki/apps/maven-3.6.1/bin:/Users/yuki/Library/Python/2.7/bin/:/home/finn/workspace/theos/bin:/home/finn/miniconda3/bin:/Users/yuki/.yarn/bin:/Users/yuki/.config/yarn/global/node_modules/.bin:/Users/yuki/apps/flutter/bin/cache/dart-sdk/bin/:/home/finn/Android/Sdk/platform-tools/:/Users/yuki/Android/android-ndk-r18b/toolchains/x86_64-4.9/prebuilt/linux-x86_64/bin/:/Users/yuki/Android/android-ndk-r18b:/Users/yuki/Android/android-ndk-r18b/tools:/Users/yuki/apps/flutter/bin:/usr/lib/jvm/java-8-openjdk-amd64/bin:/usr/lib/jvm/java-8-openjdk-amd64/jre/bin:/opt/homebrew/bin:/opt/homebrew/sbin:/Library/Frameworks/Python.framework/Versions/3.7/bin:/usr/local/bin:/usr/bin:/bin:/usr/sbin:/sbin:/Users/yuki/scripts:/Users/yuki/.pub-cache/bin:.:/Users/yuki/Documents/apache-maven-3.6.1/bin

Yarn version: 
  1.16.0

Node version: 
  14.5.0

Platform: 
  darwin x64

Trace: 
  Error: https://registry.npmjs.org/prettier/-/prettier-2.3.2.tgz: unexpected end of file
      at Zlib.zlibOnError [as onerror] (zlib.js:183:17)

npm manifest: 
  {
    "name": "url",
    "version": "0.0.1",
    "description": "",
    "author": "",
    "private": true,
    "license": "UNLICENSED",
    "scripts": {
      "prebuild": "rimraf dist",
      "build": "nest build",
      "format": "prettier --write \"src/**/*.ts\" \"test/**/*.ts\"",
      "start": "nest start",
      "start:dev": "nest start --watch",
      "start:debug": "nest start --debug --watch",
      "start:prod": "node dist/main",
      "lint": "eslint \"{src,apps,libs,test}/**/*.ts\" --fix",
      "test": "jest",
      "test:watch": "jest --watch",
      "test:cov": "jest --coverage",
      "test:debug": "node --inspect-brk -r tsconfig-paths/register -r ts-node/register node_modules/.bin/jest --runInBand",
      "test:e2e": "jest --config ./test/jest-e2e.json"
    },
    "dependencies": {
      "@nestjs/common": "^7.6.15",
      "@nestjs/core": "^7.6.15",
      "@nestjs/platform-express": "^7.6.15",
      "reflect-metadata": "^0.1.13",
      "rimraf": "^3.0.2",
      "rxjs": "^6.6.6"
    },
    "devDependencies": {
      "@nestjs/cli": "^7.6.0",
      "@nestjs/schematics": "^7.3.0",
      "@nestjs/testing": "^7.6.15",
      "@types/express": "^4.17.11",
      "@types/jest": "^26.0.22",
      "@types/node": "^14.14.36",
      "@types/supertest": "^2.0.10",
      "@typescript-eslint/eslint-plugin": "^4.19.0",
      "@typescript-eslint/parser": "^4.19.0",
      "eslint": "^7.22.0",
      "eslint-config-prettier": "^8.1.0",
      "eslint-plugin-prettier": "^3.3.1",
      "jest": "^26.6.3",
      "prettier": "^2.2.1",
      "supertest": "^6.1.3",
      "ts-jest": "^26.5.4",
      "ts-loader": "^8.0.18",
      "ts-node": "^9.1.1",
      "tsconfig-paths": "^3.9.0",
      "typescript": "^4.2.3"
    },
    "jest": {
      "moduleFileExtensions": [
        "js",
        "json",
        "ts"
      ],
      "rootDir": "src",
      "testRegex": ".*\\.spec\\.ts$",
      "transform": {
        "^.+\\.(t|j)s$": "ts-jest"
      },
      "collectCoverageFrom": [
        "**/*.(t|j)s"
      ],
      "coverageDirectory": "../coverage",
      "testEnvironment": "node"
    }
  }

yarn manifest: 
  No manifest

Lockfile: 
  No lockfile
